\BOOKMARK [0][-]{chapter.1}{May 2018}{}% 1
\BOOKMARK [1][-]{section.1.1}{13}{chapter.1}% 2
\BOOKMARK [2][-]{subsection.1.1.1}{Learning LaTeX}{section.1.1}% 3
\BOOKMARK [2][-]{subsection.1.1.2}{Math environment}{section.1.1}% 4
\BOOKMARK [2][-]{subsection.1.1.3}{15 - Short-term project proposal}{section.1.1}% 5
\BOOKMARK [0][-]{chapter.2}{Creation of data base of metagenomes and genomes}{}% 6
\BOOKMARK [1][-]{section.2.1}{28}{chapter.2}% 7
\BOOKMARK [2][-]{subsection.2.1.1}{Bibliographic search for genomes}{section.2.1}% 8
\BOOKMARK [2][-]{subsection.2.1.2}{Janeiro 2019}{section.2.1}% 9
\BOOKMARK [1][-]{section.2.2}{28}{chapter.2}% 10
\BOOKMARK [2][-]{subsection.2.2.1}{Bibliographic search for metagenomes}{section.2.2}% 11
\BOOKMARK [2][-]{subsection.2.2.2}{Amostras do MG-RAST indicadas pelo professor e Miguel}{section.2.2}% 12
\BOOKMARK [0][-]{chapter.3}{Download of metagenomes}{}% 13
\BOOKMARK [1][-]{section.3.1}{Download of mg-rast files}{chapter.3}% 14
\BOOKMARK [1][-]{section.3.2}{Download of NCBI metagenomes}{chapter.3}% 15
\BOOKMARK [2][-]{subsection.3.2.1}{Amostras indicadas por Miguel na reuniao de 30 de novembro}{section.3.2}% 16
\BOOKMARK [0][-]{chapter.4}{Format Conversion of NCBI metagenomes}{}% 17
\BOOKMARK [1][-]{subsection.4.0.1}{Taxonprofiling}{chapter.4}% 18
\BOOKMARK [0][-]{chapter.5}{Adaptacao dos identificadores}{}% 19
\BOOKMARK [0][-]{chapter.6}{Quality filter}{}% 20
\BOOKMARK [1][-]{subsection.6.0.1}{Taxonprofiling}{chapter.6}% 21
\BOOKMARK [0][-]{chapter.7}{Uniformity filter \(size and N bases\)}{}% 22
\BOOKMARK [1][-]{section.7.1}{Command line}{chapter.7}% 23
\BOOKMARK [2][-]{subsection.7.1.1}{Utilizacao do Taxonprofiling}{section.7.1}% 24
\BOOKMARK [2][-]{subsection.7.1.2}{Janeiro de 2019}{section.7.1}% 25
\BOOKMARK [0][-]{chapter.8}{Profilling metagenomes}{}% 26
\BOOKMARK [1][-]{section.8.1}{Mg-Rast metagenomes}{chapter.8}% 27
\BOOKMARK [1][-]{section.8.2}{Kraken-biom}{chapter.8}% 28
\BOOKMARK [1][-]{section.8.3}{Teste com o kraken no scratch}{chapter.8}% 29
\BOOKMARK [1][-]{section.8.4}{Profiling no Atlantico com a ajuda do Rilquer}{chapter.8}% 30
\BOOKMARK [2][-]{subsection.8.4.1}{MG RAST metagenomes}{section.8.4}% 31
\BOOKMARK [2][-]{subsection.8.4.2}{SRA metagenomes}{section.8.4}% 32
\BOOKMARK [2][-]{subsection.8.4.3}{Janeiro de 2019}{section.8.4}% 33
\BOOKMARK [1][-]{section.8.5}{Analises e obtencao de figuras}{chapter.8}% 34
\BOOKMARK [1][-]{section.8.6}{Obtencao de figuras com o segundo profiling feito com a ajuda do Rilquer - 23/10/2018}{chapter.8}% 35
\BOOKMARK [1][-]{section.8.7}{Obtencao de figuras 30/10/2018}{chapter.8}% 36
\BOOKMARK [2][-]{subsection.8.7.1}{FILO}{section.8.7}% 37
\BOOKMARK [2][-]{subsection.8.7.2}{FAMILIA}{section.8.7}% 38
\BOOKMARK [2][-]{subsection.8.7.3}{Ferramenta microbiome no R}{section.8.7}% 39
\BOOKMARK [0][-]{chapter.9}{Functional annotation of metagenomes}{}% 40
\BOOKMARK [0][-]{chapter.10}{references}{}% 41
\BOOKMARK [0][-]{chapter.11}{Softwares, instalacao e linhas}{}% 42
\BOOKMARK [1][-]{section.11.1}{Profilling metagenomes}{chapter.11}% 43
\BOOKMARK [0][-]{chapter.12}{Fundamentos teoricos}{}% 44
\BOOKMARK [0][-]{chapter.13}{Meetings}{}% 45
\BOOKMARK [0][-]{chapter.14}{Escrita do artigo}{}% 46
\BOOKMARK [1][-]{subsection.14.0.1}{30 de outubro 2018}{chapter.14}% 47
\BOOKMARK [1][-]{section.14.1}{30 de novembro}{chapter.14}% 48
